<?xml version='1.0' encoding='UTF-8'?>
<testsuite hostname="bia" name="sccontrol.osc.OscServerTest" tests="1" errors="0" failures="0" skipped="0" time="0.573" timestamp="2024-08-13T16:15:35">
          <properties>
[...]
</properties>
          <testcase classname="sccontrol.osc.OscServerTest" name="(It is not a test it is a sbt.testing.SuiteSelector)" time="0.573">
                      
                    </testcase>
          <system-out><![CDATA[]]></system-out>
          <system-err><![CDATA[]]></system-err>
        </testsuite>